  
  C:\Users\40111906\Desktop\nbody\nbody\nbody>"C:\Program Files\NVIDIA GPU Computing Toolkit\CUDA\v8.0\bin\nvcc.exe" -ccbin "C:\Program Files (x86)\Microsoft Visual Studio 14.0\VC\bin"  -I"C:\Program Files\NVIDIA GPU Computing Toolkit\CUDA\v8.0\include" -I"C:\Program Files\NVIDIA GPU Computing Toolkit\CUDA\v8.0\include"     --keep-dir Release -maxrregcount=0  --machine 32 --compile      -DWIN32 -DNDEBUG -D_CONSOLE -D_UNICODE -DUNICODE -Xcompiler "/EHsc /W3 /nologo /O2 /FS /Zi  /MD " -o Release\kernel.cu.obj "C:\Users\40111906\Desktop\nbody\nbody\nbody\kernel.cu" -clean 
CUDACOMPILE : nvcc warning : The 'compute_20', 'sm_20', and 'sm_21' architectures are deprecated, and may be removed in a future release (Use -Wno-deprecated-gpu-targets to suppress warning).
  kernel.cu
  Compiling CUDA source file kernel.cu...
  
  C:\Users\40111906\Desktop\nbody\nbody\nbody>"C:\Program Files\NVIDIA GPU Computing Toolkit\CUDA\v8.0\bin\nvcc.exe" -gencode=arch=compute_20,code=\"sm_20,compute_20\" --use-local-env --cl-version 2015 -ccbin "C:\Program Files (x86)\Microsoft Visual Studio 14.0\VC\bin"  -I"C:\Program Files\NVIDIA GPU Computing Toolkit\CUDA\v8.0\include" -I"C:\Program Files\NVIDIA GPU Computing Toolkit\CUDA\v8.0\include"     --keep-dir Release -maxrregcount=0  --machine 32 --compile -cudart static     -DWIN32 -DNDEBUG -D_CONSOLE -D_UNICODE -DUNICODE -Xcompiler "/EHsc /W3 /nologo /O2 /FS /Zi  /MD " -o Release\kernel.cu.obj "C:\Users\40111906\Desktop\nbody\nbody\nbody\kernel.cu" 
C:\Program Files (x86)\Windows Kits\8.1\Include\shared\minwindef.h(130): warning C4005: 'APIENTRY': macro redefinition
C:/Users/40111906/Desktop/nbody/nbody/nbody/kernel.cu(8): warning : initial value of reference to non-const must be an lvalue
C:\Program Files (x86)\Windows Kits\8.1\Include\shared\minwindef.h(130): warning C4005: 'APIENTRY': macro redefinition
C:/Users/40111906/Desktop/nbody/nbody/nbody/kernel.cu(8): warning : initial value of reference to non-const must be an lvalue
CUDACOMPILE : nvcc warning : The 'compute_20', 'sm_20', and 'sm_21' architectures are deprecated, and may be removed in a future release (Use -Wno-deprecated-gpu-targets to suppress warning).
  kernel.cu
  main.cpp
C:\Program Files (x86)\Windows Kits\8.1\Include\shared\minwindef.h(130): warning C4005: 'APIENTRY': macro redefinition
  C:\Users\40111906\Desktop\nbody\nbody\include\GLFW/glfw3.h(85): note: see previous definition of 'APIENTRY'
main.cpp(102): warning C4018: '<': signed/unsigned mismatch
main.cpp(106): warning C4018: '<': signed/unsigned mismatch
main.cpp(118): warning C4244: 'initializing': conversion from 'double' to 'float', possible loss of data
main.cpp(163): warning C4244: '=': conversion from '__int64' to 'float', possible loss of data
main.cpp(175): warning C4244: '+=': conversion from 'float' to 'unsigned int', possible loss of data
main.cpp(281): warning C4018: '<': signed/unsigned mismatch
  Renderer.cpp
C:\Program Files (x86)\Windows Kits\8.1\Include\shared\minwindef.h(130): warning C4005: 'APIENTRY': macro redefinition
  C:\Users\40111906\Desktop\nbody\nbody\include\GLFW/glfw3.h(85): note: see previous definition of 'APIENTRY'
  Shader.cpp
  stdafx.cpp
  Util.cpp
  Generating code
  All 635 functions were compiled because no usable IPDB/IOBJ from previous compilation was found.
  Finished generating code
  nbody.vcxproj -> C:\Users\40111906\Desktop\nbody\nbody\Release\nbody.exe
  nbody.vcxproj -> C:\Users\40111906\Desktop\nbody\nbody\Release\nbody.pdb (Full PDB)
